<?xml version="1.0" encoding="UTF-8"?>
<testsuite xmlns:xsi="http://www.w3.org/2001/XMLSchema-instance" xsi:noNamespaceSchemaLocation="https://maven.apache.org/surefire/maven-surefire-plugin/xsd/surefire-test-report-3.0.xsd" version="3.0" name="com.br.senai.ads3.agenda_fatesg.controllers.ContatoControllerTest" time="0.11" tests="4" errors="0" skipped="0" failures="0">
  <properties>
[...]
</properties>
  <testcase name="create_whenValid_thenSaved" classname="com.br.senai.ads3.agenda_fatesg.controllers.ContatoControllerTest" time="0.067"/>
  <testcase name="listAll_returnsOnlyActive" classname="com.br.senai.ads3.agenda_fatesg.controllers.ContatoControllerTest" time="0.009"/>
  <testcase name="create_whenDuplicate_thenBusinessException" classname="com.br.senai.ads3.agenda_fatesg.controllers.ContatoControllerTest" time="0.011"/>
  <testcase name="create_whenNameMissing_thenValidationException" classname="com.br.senai.ads3.agenda_fatesg.controllers.ContatoControllerTest" time="0.002"/>
</testsuite>